[GIN-VUE-ADMIN]2021/01/03 - 00:58:56.921	[31merror[0m	/Users/mac/developments/lianmi/lm-cloud/servers/cmd/gin-vue-admin/core/server.go:38	accept tcp [::]:8888: use of closed network connection
[GIN-VUE-ADMIN]2021/01/03 - 01:05:45.044	[34minfo[0m	/Users/mac/developments/lianmi/lm-cloud/servers/cmd/gin-vue-admin/initialize/gorm.go:62	register table success
[GIN-VUE-ADMIN]2021/01/03 - 01:05:45.045	[34minfo[0m	/Users/mac/developments/lianmi/lm-cloud/servers/cmd/gin-vue-admin/initialize/router.go:20	use middleware logger
[GIN-VUE-ADMIN]2021/01/03 - 01:05:45.045	[34minfo[0m	/Users/mac/developments/lianmi/lm-cloud/servers/cmd/gin-vue-admin/initialize/router.go:23	use middleware cors
[GIN-VUE-ADMIN]2021/01/03 - 01:05:45.045	[34minfo[0m	/Users/mac/developments/lianmi/lm-cloud/servers/cmd/gin-vue-admin/initialize/router.go:25	register swagger handler
[GIN-VUE-ADMIN]2021/01/03 - 01:05:45.045	[34minfo[0m	/Users/mac/developments/lianmi/lm-cloud/servers/cmd/gin-vue-admin/initialize/router.go:51	router register success
[GIN-VUE-ADMIN]2021/01/03 - 01:05:45.045	[34minfo[0m	/Users/mac/developments/lianmi/lm-cloud/servers/cmd/gin-vue-admin/core/server.go:29	server run success on 	{"address": ":8888"}
[GIN-VUE-ADMIN]2021/01/03 - 01:05:47.634	[31merror[0m	/Users/mac/developments/lianmi/lm-cloud/servers/cmd/gin-vue-admin/core/server.go:38	accept tcp [::]:8888: use of closed network connection
[GIN-VUE-ADMIN]2021/01/03 - 02:17:10.281	[34minfo[0m	/Users/mac/developments/lianmi/lm-cloud/servers/cmd/gin-vue-admin/initialize/gorm.go:62	register table success
[GIN-VUE-ADMIN]2021/01/03 - 02:17:10.282	[34minfo[0m	/Users/mac/developments/lianmi/lm-cloud/servers/cmd/gin-vue-admin/initialize/router.go:20	use middleware logger
[GIN-VUE-ADMIN]2021/01/03 - 02:17:10.282	[34minfo[0m	/Users/mac/developments/lianmi/lm-cloud/servers/cmd/gin-vue-admin/initialize/router.go:23	use middleware cors
[GIN-VUE-ADMIN]2021/01/03 - 02:17:10.282	[34minfo[0m	/Users/mac/developments/lianmi/lm-cloud/servers/cmd/gin-vue-admin/initialize/router.go:25	register swagger handler
[GIN-VUE-ADMIN]2021/01/03 - 02:17:10.282	[34minfo[0m	/Users/mac/developments/lianmi/lm-cloud/servers/cmd/gin-vue-admin/initialize/router.go:51	router register success
[GIN-VUE-ADMIN]2021/01/03 - 02:17:10.282	[34minfo[0m	/Users/mac/developments/lianmi/lm-cloud/servers/cmd/gin-vue-admin/core/server.go:29	server run success on 	{"address": ":8888"}
[GIN-VUE-ADMIN]2021/01/03 - 02:21:28.608	[31merror[0m	/Users/mac/developments/lianmi/lm-cloud/servers/cmd/gin-vue-admin/core/server.go:38	accept tcp [::]:8888: use of closed network connection
[GIN-VUE-ADMIN]2021/01/03 - 02:21:32.889	[31merror[0m	/Users/mac/developments/lianmi/lm-cloud/servers/cmd/gin-vue-admin/initialize/gorm.go:61	register table failed	{"err": "Error 1075: Incorrect table definition; there can be only one auto column and it must be defined as a key"}
[GIN-VUE-ADMIN]2021/01/03 - 02:24:22.306	[31merror[0m	/Users/mac/developments/lianmi/lm-cloud/servers/cmd/gin-vue-admin/initialize/gorm.go:60	register table failed	{"err": "Error 1064: You have an error in your SQL syntax; check the manual that corresponds to your MySQL server version for the right syntax to use near '(4294967295) COMMENT '',`desc_pic2` longtext(4294967295) COMMENT '',`desc_pic3` ' at line 1"}
[GIN-VUE-ADMIN]2021/01/03 - 02:26:54.763	[34minfo[0m	/Users/mac/developments/lianmi/lm-cloud/servers/cmd/gin-vue-admin/initialize/gorm.go:63	register table success
[GIN-VUE-ADMIN]2021/01/03 - 02:26:54.764	[34minfo[0m	/Users/mac/developments/lianmi/lm-cloud/servers/cmd/gin-vue-admin/initialize/router.go:20	use middleware logger
[GIN-VUE-ADMIN]2021/01/03 - 02:26:54.764	[34minfo[0m	/Users/mac/developments/lianmi/lm-cloud/servers/cmd/gin-vue-admin/initialize/router.go:23	use middleware cors
[GIN-VUE-ADMIN]2021/01/03 - 02:26:54.764	[34minfo[0m	/Users/mac/developments/lianmi/lm-cloud/servers/cmd/gin-vue-admin/initialize/router.go:25	register swagger handler
[GIN-VUE-ADMIN]2021/01/03 - 02:26:54.765	[34minfo[0m	/Users/mac/developments/lianmi/lm-cloud/servers/cmd/gin-vue-admin/initialize/router.go:52	router register success
[GIN-VUE-ADMIN]2021/01/03 - 02:26:54.765	[34minfo[0m	/Users/mac/developments/lianmi/lm-cloud/servers/cmd/gin-vue-admin/core/server.go:29	server run success on 	{"address": ":8888"}
[GIN-VUE-ADMIN]2021/01/03 - 11:35:45.748	[31merror[0m	/Users/mac/developments/lianmi/lm-cloud/servers/cmd/gin-vue-admin/core/server.go:38	accept tcp [::]:8888: use of closed network connection
